[14:18:23] [main/INFO]: Using mbed TLS based native cipher.
[14:18:23] [main/INFO]: Using zlib based native compressor.
[14:18:23] [main/INFO]: Enabled Waterfall version git:Waterfall-Bootstrap:1.19-R0.1-SNAPSHOT:f6069e2:513
[14:18:23] [main/INFO]: Not on Windows, attempting to use enhanced EpollEventLoop
[14:18:23] [main/INFO]: Epoll is working, utilising it!
[14:18:23] [main/INFO]: Discovered module: ModuleSpec(name=cmd_alert, file=modules/cmd_alert.jar, provider=JenkinsModuleSource())
[14:18:23] [main/INFO]: Discovered module: ModuleSpec(name=cmd_find, file=modules/cmd_find.jar, provider=JenkinsModuleSource())
[14:18:23] [main/INFO]: Discovered module: ModuleSpec(name=cmd_list, file=modules/cmd_list.jar, provider=JenkinsModuleSource())
[14:18:23] [main/INFO]: Discovered module: ModuleSpec(name=cmd_send, file=modules/cmd_send.jar, provider=JenkinsModuleSource())
[14:18:23] [main/INFO]: Discovered module: ModuleSpec(name=cmd_server, file=modules/cmd_server.jar, provider=JenkinsModuleSource())
[14:18:23] [main/INFO]: Discovered module: ModuleSpec(name=reconnect_yaml, file=modules/reconnect_yaml.jar, provider=JenkinsModuleSource())
[14:18:23] [main/INFO]: Loaded plugin reconnect_yaml version git:reconnect_yaml:1.19-R0.1-SNAPSHOT:f6069e2:513 by WaterfallMC
[14:18:23] [main/INFO]: Loaded plugin cmd_find version git:cmd_find:1.19-R0.1-SNAPSHOT:f6069e2:513 by WaterfallMC
[14:18:23] [main/WARN]: Error loading plugin Pvpsticks
java.lang.NoClassDefFoundError: org/bukkit/event/Listener
	at java.lang.ClassLoader.defineClass1(Native Method) ~[?:?]
	at java.lang.ClassLoader.defineClass(ClassLoader.java:1027) ~[?:?]
	at java.security.SecureClassLoader.defineClass(SecureClassLoader.java:150) ~[?:?]
	at net.md_5.bungee.api.plugin.PluginClassloader.findClass(PluginClassloader.java:152) ~[bungee.jar:git:Waterfall-Bootstrap:1.19-R0.1-SNAPSHOT:f6069e2:513]
	at java.lang.ClassLoader.loadClass(ClassLoader.java:593) ~[?:?]
	at net.md_5.bungee.api.plugin.PluginClassloader.loadClass0(PluginClassloader.java:66) ~[bungee.jar:git:Waterfall-Bootstrap:1.19-R0.1-SNAPSHOT:f6069e2:513]
	at net.md_5.bungee.api.plugin.PluginClassloader.loadClass(PluginClassloader.java:59) ~[bungee.jar:git:Waterfall-Bootstrap:1.19-R0.1-SNAPSHOT:f6069e2:513]
	at java.lang.ClassLoader.loadClass(ClassLoader.java:526) ~[?:?]
	at net.md_5.bungee.api.plugin.PluginManager.enablePlugin(PluginManager.java:394) ~[bungee.jar:git:Waterfall-Bootstrap:1.19-R0.1-SNAPSHOT:f6069e2:513]
	at net.md_5.bungee.api.plugin.PluginManager.loadPlugins(PluginManager.java:300) ~[bungee.jar:git:Waterfall-Bootstrap:1.19-R0.1-SNAPSHOT:f6069e2:513]
	at net.md_5.bungee.BungeeCord.start(BungeeCord.java:287) ~[bungee.jar:git:Waterfall-Bootstrap:1.19-R0.1-SNAPSHOT:f6069e2:513]
	at net.md_5.bungee.BungeeCordLauncher.main(BungeeCordLauncher.java:67) ~[bungee.jar:git:Waterfall-Bootstrap:1.19-R0.1-SNAPSHOT:f6069e2:513]
	at net.md_5.bungee.Bootstrap.main(Bootstrap.java:15) ~[bungee.jar:git:Waterfall-Bootstrap:1.19-R0.1-SNAPSHOT:f6069e2:513]
Caused by: java.lang.ClassNotFoundException: org.bukkit.event.Listener
	at net.md_5.bungee.api.plugin.PluginClassloader.loadClass0(PluginClassloader.java:103) ~[bungee.jar:git:Waterfall-Bootstrap:1.19-R0.1-SNAPSHOT:f6069e2:513]
	at net.md_5.bungee.api.plugin.PluginClassloader.loadClass(PluginClassloader.java:59) ~[bungee.jar:git:Waterfall-Bootstrap:1.19-R0.1-SNAPSHOT:f6069e2:513]
	at java.lang.ClassLoader.loadClass(ClassLoader.java:526) ~[?:?]
	... 13 more
[14:18:23] [main/WARN]: Error loading plugin Knockbackinator
java.lang.NoClassDefFoundError: org/bukkit/plugin/java/JavaPlugin
	at java.lang.ClassLoader.defineClass1(Native Method) ~[?:?]
	at java.lang.ClassLoader.defineClass(ClassLoader.java:1027) ~[?:?]
	at java.security.SecureClassLoader.defineClass(SecureClassLoader.java:150) ~[?:?]
	at net.md_5.bungee.api.plugin.PluginClassloader.findClass(PluginClassloader.java:152) ~[bungee.jar:git:Waterfall-Bootstrap:1.19-R0.1-SNAPSHOT:f6069e2:513]
	at java.lang.ClassLoader.loadClass(ClassLoader.java:593) ~[?:?]
	at net.md_5.bungee.api.plugin.PluginClassloader.loadClass0(PluginClassloader.java:66) ~[bungee.jar:git:Waterfall-Bootstrap:1.19-R0.1-SNAPSHOT:f6069e2:513]
	at net.md_5.bungee.api.plugin.PluginClassloader.loadClass(PluginClassloader.java:59) ~[bungee.jar:git:Waterfall-Bootstrap:1.19-R0.1-SNAPSHOT:f6069e2:513]
	at java.lang.ClassLoader.loadClass(ClassLoader.java:526) ~[?:?]
	at net.md_5.bungee.api.plugin.PluginManager.enablePlugin(PluginManager.java:394) ~[bungee.jar:git:Waterfall-Bootstrap:1.19-R0.1-SNAPSHOT:f6069e2:513]
	at net.md_5.bungee.api.plugin.PluginManager.loadPlugins(PluginManager.java:300) ~[bungee.jar:git:Waterfall-Bootstrap:1.19-R0.1-SNAPSHOT:f6069e2:513]
	at net.md_5.bungee.BungeeCord.start(BungeeCord.java:287) ~[bungee.jar:git:Waterfall-Bootstrap:1.19-R0.1-SNAPSHOT:f6069e2:513]
	at net.md_5.bungee.BungeeCordLauncher.main(BungeeCordLauncher.java:67) ~[bungee.jar:git:Waterfall-Bootstrap:1.19-R0.1-SNAPSHOT:f6069e2:513]
	at net.md_5.bungee.Bootstrap.main(Bootstrap.java:15) ~[bungee.jar:git:Waterfall-Bootstrap:1.19-R0.1-SNAPSHOT:f6069e2:513]
Caused by: java.lang.ClassNotFoundException: org.bukkit.plugin.java.JavaPlugin
	at net.md_5.bungee.api.plugin.PluginClassloader.loadClass0(PluginClassloader.java:103) ~[bungee.jar:git:Waterfall-Bootstrap:1.19-R0.1-SNAPSHOT:f6069e2:513]
	at net.md_5.bungee.api.plugin.PluginClassloader.loadClass(PluginClassloader.java:59) ~[bungee.jar:git:Waterfall-Bootstrap:1.19-R0.1-SNAPSHOT:f6069e2:513]
	at java.lang.ClassLoader.loadClass(ClassLoader.java:526) ~[?:?]
	... 13 more
[14:18:23] [main/INFO]: Loaded plugin cmd_server version git:cmd_server:1.19-R0.1-SNAPSHOT:f6069e2:513 by WaterfallMC
[14:18:23] [main/INFO]: Loaded plugin cmd_alert version git:cmd_alert:1.19-R0.1-SNAPSHOT:f6069e2:513 by WaterfallMC
[14:18:23] [main/INFO]: Loaded plugin cmd_send version git:cmd_send:1.19-R0.1-SNAPSHOT:f6069e2:513 by WaterfallMC
[14:18:23] [main/INFO]: Loaded plugin cmd_list version git:cmd_list:1.19-R0.1-SNAPSHOT:f6069e2:513 by WaterfallMC
[14:18:23] [main/WARN]: :>:>:>:>:>:>:>:>:>:>:>:>:>:>:>:>:>:>:>:>:>:>:>
[14:18:23] [main/WARN]: :>  
[14:18:23] [main/WARN]: :>      EAGLERCRAFTXBUNGEE WARNING:
[14:18:23] [main/WARN]: :>  
[14:18:23] [main/WARN]: :>  This plugin wasn't tested to be 'working'
[14:18:23] [main/WARN]: :>  with ANY version of BungeeCord (and forks)
[14:18:23] [main/WARN]: :>  apart from the versions listed below:
[14:18:23] [main/WARN]: :>  
[14:18:23] [main/WARN]: :>  - BungeeCord: 1.20-R0.3-SNAPSHOT:eda268b:1797
[14:18:23] [main/WARN]: :>  - Waterfall: 1.20-R0.2-SNAPSHOT:92b5149:562
[14:18:23] [main/WARN]: :>  - FlameCord: 1.1.1
[14:18:23] [main/WARN]: :>  
[14:18:23] [main/WARN]: :>  This is not a Bukkit/Spigot plugin!
[14:18:23] [main/WARN]: :>  
[14:18:23] [main/WARN]: :>  Use "-Deaglerxbungee.stfu=true" to hide
[14:18:23] [main/WARN]: :>  
[14:18:23] [main/WARN]: :>:>:>:>:>:>:>:>:>:>:>:>:>:>:>:>:>:>:>:>:>:>:>
[14:18:23] [main/INFO] [EaglercraftXBungee]: Loading vanilla profile: lax1dude
[14:18:25] [Skin Download Thread #1/INFO] [EaglercraftXBungee]: Loaded vanilla profile: lax1dude
[14:18:25] [main/INFO]: Loaded plugin EaglercraftXBungee version 1.0.10 by lax1dude
[14:18:25] [EaglerXBungee: Network Tick Tasks/INFO] [EaglercraftXBungee]: Loaded certificate: /workspaces/GliSfigati/bungee/plugins/EaglercraftXBungee/eagcert/$dl.24a1bafc15c675276968d78cdcb55a04992bddb0.cert
[14:18:25] [main/WARN]: Could not load server icon
java.lang.IllegalArgumentException: Server icon must be exactly 64x64 pixels
	at net.md_5.bungee.api.Favicon.create(Favicon.java:65) ~[bungee.jar:git:Waterfall-Bootstrap:1.19-R0.1-SNAPSHOT:f6069e2:513]
	at net.md_5.bungee.conf.Configuration.load(Configuration.java:89) ~[bungee.jar:git:Waterfall-Bootstrap:1.19-R0.1-SNAPSHOT:f6069e2:513]
	at io.github.waterfallmc.waterfall.conf.WaterfallConfiguration.load(WaterfallConfiguration.java:67) ~[bungee.jar:git:Waterfall-Bootstrap:1.19-R0.1-SNAPSHOT:f6069e2:513]
	at net.md_5.bungee.BungeeCord.start(BungeeCord.java:288) ~[bungee.jar:git:Waterfall-Bootstrap:1.19-R0.1-SNAPSHOT:f6069e2:513]
	at net.md_5.bungee.BungeeCordLauncher.main(BungeeCordLauncher.java:67) ~[bungee.jar:git:Waterfall-Bootstrap:1.19-R0.1-SNAPSHOT:f6069e2:513]
	at net.md_5.bungee.Bootstrap.main(Bootstrap.java:15) ~[bungee.jar:git:Waterfall-Bootstrap:1.19-R0.1-SNAPSHOT:f6069e2:513]
[14:18:25] [main/WARN]: Forced host server pvp is not defined
[14:18:26] [main/INFO]: Enabled plugin reconnect_yaml version git:reconnect_yaml:1.19-R0.1-SNAPSHOT:f6069e2:513 by WaterfallMC
[14:18:26] [main/INFO]: Enabled plugin cmd_find version git:cmd_find:1.19-R0.1-SNAPSHOT:f6069e2:513 by WaterfallMC
[14:18:26] [main/INFO]: Enabled plugin cmd_server version git:cmd_server:1.19-R0.1-SNAPSHOT:f6069e2:513 by WaterfallMC
[14:18:26] [main/INFO]: Enabled plugin cmd_alert version git:cmd_alert:1.19-R0.1-SNAPSHOT:f6069e2:513 by WaterfallMC
[14:18:26] [main/INFO]: Enabled plugin cmd_send version git:cmd_send:1.19-R0.1-SNAPSHOT:f6069e2:513 by WaterfallMC
[14:18:26] [main/INFO]: Enabled plugin cmd_list version git:cmd_list:1.19-R0.1-SNAPSHOT:f6069e2:513 by WaterfallMC
[14:18:26] [main/ERROR] [EaglercraftXBungee]: Online mode is set to false! Authentication system has been disabled
[14:18:26] [Netty Worker IO Thread #0/INFO] [EaglercraftXBungee]: Eaglercraft is listening on: /0.0.0.0:8081
[14:18:26] [main/INFO] [EaglercraftXBungee]: Connected to database: jdbc:sqlite:eaglercraft_skins_cache.db
[14:18:26] [main/INFO]: Enabled plugin EaglercraftXBungee version 1.0.10 by lax1dude
[14:18:26] [Netty Boss IO Thread #0/INFO]: Listening on /127.0.0.1:25577
[14:18:57] [Netty Worker IO Thread #2/INFO] [EaglercraftXBungee]: [/[0:0:0:0:0:0:0:1%0]:55410]: Connected via websocket
[14:18:57] [Netty Worker IO Thread #2/INFO] [EaglercraftXBungee]: [/[0:0:0:0:0:0:0:1%0]:55410]: Origin header is https://eaglercrack-archive.vercel.app
[14:18:57] [Netty Worker IO Thread #2/INFO] [EaglercraftXBungee]: [/[0:0:0:0:0:0:0:1%0]:55410]: Logged in as 'MATTEO'
[14:18:57] [Netty Worker IO Thread #2/INFO]: [/[0:0:0:0:0:0:0:1%0]:55410|MATTEO] -> UpstreamBridge has connected
[14:18:57] [Netty Worker IO Thread #2/INFO]: [MATTEO|/[0:0:0:0:0:0:0:1%0]:55410] <-> ServerConnector [lobby] has connected
[14:19:21] [Netty Worker IO Thread #0/INFO] [EaglercraftXBungee]: [/[0:0:0:0:0:0:0:1%0]:59500]: Connected via websocket
[14:19:21] [Netty Worker IO Thread #0/INFO] [EaglercraftXBungee]: [/[0:0:0:0:0:0:0:1%0]:59500]: Origin header is https://localhost:8081
[14:19:21] [Netty Worker IO Thread #0/INFO] [EaglercraftXBungee]: [/[0:0:0:0:0:0:0:1%0]:59500]: Logged in as 'BRUH__'
[14:19:21] [Netty Worker IO Thread #0/INFO]: [/[0:0:0:0:0:0:0:1%0]:59500|BRUH__] -> UpstreamBridge has connected
[14:19:21] [Netty Worker IO Thread #0/INFO]: [BRUH__|/[0:0:0:0:0:0:0:1%0]:59500] <-> ServerConnector [lobby] has connected
[14:23:38] [Netty Worker IO Thread #2/INFO]: [/[0:0:0:0:0:0:0:1%0]:55410|MATTEO] -> UpstreamBridge has disconnected
[14:23:38] [Netty Worker IO Thread #2/INFO]: [MATTEO] disconnected with: Proxy lost connection to server.
[14:23:38] [Netty Worker IO Thread #2/INFO]: [/[0:0:0:0:0:0:0:1%0]:55410|MATTEO] <-> DownstreamBridge <-> [lobby] has disconnected
[14:24:13] [Netty Worker IO Thread #3/INFO] [EaglercraftXBungee]: [/[0:0:0:0:0:0:0:1%0]:41132]: Connected via websocket
[14:24:13] [Netty Worker IO Thread #3/INFO] [EaglercraftXBungee]: [/[0:0:0:0:0:0:0:1%0]:41132]: Origin header is https://eaglercrack-archive.vercel.app
[14:24:13] [Netty Worker IO Thread #3/INFO] [EaglercraftXBungee]: [/[0:0:0:0:0:0:0:1%0]:41132]: Logged in as 'MATTEO_'
[14:24:13] [Netty Worker IO Thread #3/INFO]: [/[0:0:0:0:0:0:0:1%0]:41132|MATTEO_] -> UpstreamBridge has connected
[14:24:13] [Netty Worker IO Thread #3/INFO]: [MATTEO_|/[0:0:0:0:0:0:0:1%0]:41132] <-> ServerConnector [lobby] has connected
[14:24:56] [Netty Worker IO Thread #0/INFO] [EaglercraftXBungee]: [/[0:0:0:0:0:0:0:1%0]:45928]: Connected via websocket
[14:24:56] [Netty Worker IO Thread #0/INFO] [EaglercraftXBungee]: [/[0:0:0:0:0:0:0:1%0]:45928]: Origin header is https://eaglercrack-archive.vercel.app
[14:24:56] [Netty Worker IO Thread #0/INFO] [EaglercraftXBungee]: [/[0:0:0:0:0:0:0:1%0]:45928]: Logged in as 'MATTEO'
[14:24:56] [Netty Worker IO Thread #0/INFO]: [/[0:0:0:0:0:0:0:1%0]:45928|MATTEO] -> UpstreamBridge has connected
[14:24:56] [Netty Worker IO Thread #0/INFO]: [MATTEO|/[0:0:0:0:0:0:0:1%0]:45928] <-> ServerConnector [lobby] has connected
[14:26:08] [Netty Worker IO Thread #3/INFO]: [/[0:0:0:0:0:0:0:1%0]:41132|MATTEO_] -> UpstreamBridge has disconnected
[14:26:08] [Netty Worker IO Thread #3/INFO]: [MATTEO_] disconnected with: Proxy lost connection to server.
[14:26:08] [Netty Worker IO Thread #3/INFO]: [/[0:0:0:0:0:0:0:1%0]:41132|MATTEO_] <-> DownstreamBridge <-> [lobby] has disconnected
[14:29:38] [Netty Worker IO Thread #3/INFO] [EaglercraftXBungee]: [/[0:0:0:0:0:0:0:1%0]:36576]: Connected via websocket
[14:29:38] [Netty Worker IO Thread #3/INFO] [EaglercraftXBungee]: [/[0:0:0:0:0:0:0:1%0]:36576]: Origin header is http://localhost:8081
[14:29:38] [Netty Worker IO Thread #3/INFO] [EaglercraftXBungee]: [/[0:0:0:0:0:0:0:1%0]:36576]: Logged in as 'SatillaABC123'
[14:29:38] [Netty Worker IO Thread #3/INFO]: [/[0:0:0:0:0:0:0:1%0]:36576|SatillaABC123] -> UpstreamBridge has connected
[14:29:38] [Netty Worker IO Thread #3/INFO]: [SatillaABC123|/[0:0:0:0:0:0:0:1%0]:36576] <-> ServerConnector [lobby] has connected
[14:30:28] [Netty Worker IO Thread #3/INFO]: [/[0:0:0:0:0:0:0:1%0]:36576|SatillaABC123] -> UpstreamBridge has disconnected
[14:30:28] [Netty Worker IO Thread #3/INFO]: [SatillaABC123] disconnected with: Proxy lost connection to server.
[14:30:28] [Netty Worker IO Thread #3/INFO]: [/[0:0:0:0:0:0:0:1%0]:36576|SatillaABC123] <-> DownstreamBridge <-> [lobby] has disconnected
[14:42:19] [Netty Worker IO Thread #1/INFO] [EaglercraftXBungee]: [/[0:0:0:0:0:0:0:1%0]:45538]: Connected via websocket
[14:42:19] [Netty Worker IO Thread #1/INFO] [EaglercraftXBungee]: [/[0:0:0:0:0:0:0:1%0]:45538]: Origin header is http://localhost:8081
[14:42:19] [Netty Worker IO Thread #1/INFO] [EaglercraftXBungee]: [/[0:0:0:0:0:0:0:1%0]:45538]: Logged in as 'SatillaABC123'
[14:42:19] [Netty Worker IO Thread #1/INFO]: [/[0:0:0:0:0:0:0:1%0]:45538|SatillaABC123] -> UpstreamBridge has connected
[14:42:19] [Netty Worker IO Thread #1/INFO]: [SatillaABC123|/[0:0:0:0:0:0:0:1%0]:45538] <-> ServerConnector [lobby] has connected
[14:48:53] [Netty Worker IO Thread #0/INFO]: [/[0:0:0:0:0:0:0:1%0]:45928|MATTEO] -> UpstreamBridge has disconnected
[14:48:53] [Netty Worker IO Thread #0/INFO]: [MATTEO] disconnected with: Proxy lost connection to server.
[14:48:53] [Netty Worker IO Thread #0/INFO]: [/[0:0:0:0:0:0:0:1%0]:45928|MATTEO] <-> DownstreamBridge <-> [lobby] has disconnected
[15:03:23] [Netty Worker IO Thread #0/INFO]: [BRUH__] disconnected with: Kicked by an operator.
[15:03:23] [Netty Worker IO Thread #0/INFO]: [/[0:0:0:0:0:0:0:1%0]:59500|BRUH__] -> UpstreamBridge has disconnected
[15:03:23] [Netty Worker IO Thread #0/INFO]: [/[0:0:0:0:0:0:0:1%0]:59500|BRUH__] <-> DownstreamBridge <-> [lobby] has disconnected
[15:03:28] [Netty Worker IO Thread #3/INFO] [EaglercraftXBungee]: [/[0:0:0:0:0:0:0:1%0]:42866]: Connected via websocket
[15:03:28] [Netty Worker IO Thread #3/INFO] [EaglercraftXBungee]: [/[0:0:0:0:0:0:0:1%0]:42866]: Origin header is https://localhost:8081
[15:03:29] [Netty Worker IO Thread #3/INFO] [EaglercraftXBungee]: [/[0:0:0:0:0:0:0:1%0]:42866]: Logged in as 'BRUH__'
[15:03:29] [Netty Worker IO Thread #3/INFO]: [/[0:0:0:0:0:0:0:1%0]:42866|BRUH__] -> UpstreamBridge has connected
[15:03:29] [Netty Worker IO Thread #3/INFO]: [BRUH__|/[0:0:0:0:0:0:0:1%0]:42866] <-> ServerConnector [lobby] has connected
[15:16:19] [Netty Worker IO Thread #3/INFO]: [/[0:0:0:0:0:0:0:1%0]:42866|BRUH__] -> UpstreamBridge has disconnected
[15:16:19] [Netty Worker IO Thread #3/INFO]: [BRUH__] disconnected with: Proxy lost connection to server.
[15:16:19] [Netty Worker IO Thread #3/INFO]: [/[0:0:0:0:0:0:0:1%0]:42866|BRUH__] <-> DownstreamBridge <-> [lobby] has disconnected
[15:16:44] [Netty Worker IO Thread #1/INFO] [EaglercraftXBungee]: [/[0:0:0:0:0:0:0:1%0]:51992]: Connected via websocket
[15:16:44] [Netty Worker IO Thread #1/INFO] [EaglercraftXBungee]: [/[0:0:0:0:0:0:0:1%0]:51992]: Origin header is https://localhost:8081
[15:16:44] [Netty Worker IO Thread #1/INFO] [EaglercraftXBungee]: [/[0:0:0:0:0:0:0:1%0]:51992]: Logged in as 'BRUH__'
[15:16:44] [Netty Worker IO Thread #1/INFO]: [/[0:0:0:0:0:0:0:1%0]:51992|BRUH__] -> UpstreamBridge has connected
[15:16:44] [Netty Worker IO Thread #1/INFO]: [BRUH__|/[0:0:0:0:0:0:0:1%0]:51992] <-> ServerConnector [lobby] has connected
[15:25:11] [Netty Worker IO Thread #3/INFO] [EaglercraftXBungee]: [/[0:0:0:0:0:0:0:1%0]:54164]: Connected via websocket
[15:25:11] [Netty Worker IO Thread #3/INFO] [EaglercraftXBungee]: [/[0:0:0:0:0:0:0:1%0]:54164]: Origin header is https://eaglercrack-archive.vercel.app
[15:25:11] [Netty Worker IO Thread #3/INFO] [EaglercraftXBungee]: [/[0:0:0:0:0:0:0:1%0]:54164]: Logged in as 'MATTEO_'
[15:25:11] [Netty Worker IO Thread #3/INFO]: [/[0:0:0:0:0:0:0:1%0]:54164|MATTEO_] -> UpstreamBridge has connected
[15:25:11] [Netty Worker IO Thread #3/INFO]: [MATTEO_|/[0:0:0:0:0:0:0:1%0]:54164] <-> ServerConnector [lobby] has connected
[15:26:32] [Netty Worker IO Thread #1/INFO] [EaglercraftXBungee]: [/[0:0:0:0:0:0:0:1%0]:59582]: Connected via websocket
[15:26:32] [Netty Worker IO Thread #1/INFO] [EaglercraftXBungee]: [/[0:0:0:0:0:0:0:1%0]:59582]: Origin header is https://eaglercrack-archive.vercel.app
[15:26:32] [Netty Worker IO Thread #1/INFO] [EaglercraftXBungee]: [/[0:0:0:0:0:0:0:1%0]:59582]: Logged in as 'MATTEO'
[15:26:32] [Netty Worker IO Thread #1/INFO]: [/[0:0:0:0:0:0:0:1%0]:59582|MATTEO] -> UpstreamBridge has connected
[15:26:32] [Netty Worker IO Thread #1/INFO]: [MATTEO|/[0:0:0:0:0:0:0:1%0]:59582] <-> ServerConnector [lobby] has connected
[15:30:01] [Netty Worker IO Thread #1/INFO]: [/[0:0:0:0:0:0:0:1%0]:59582|MATTEO] -> UpstreamBridge has disconnected
[15:30:01] [Netty Worker IO Thread #1/INFO]: [MATTEO] disconnected with: Proxy lost connection to server.
[15:30:01] [Netty Worker IO Thread #1/INFO]: [/[0:0:0:0:0:0:0:1%0]:59582|MATTEO] <-> DownstreamBridge <-> [lobby] has disconnected
[15:41:54] [Netty Worker IO Thread #1/INFO]: [/[0:0:0:0:0:0:0:1%0]:51992|BRUH__] -> UpstreamBridge has disconnected
[15:41:54] [Netty Worker IO Thread #1/INFO]: [BRUH__] disconnected with: Proxy lost connection to server.
[15:41:54] [Netty Worker IO Thread #1/INFO]: [/[0:0:0:0:0:0:0:1%0]:51992|BRUH__] <-> DownstreamBridge <-> [lobby] has disconnected
[15:42:02] [Netty Worker IO Thread #3/INFO]: [/[0:0:0:0:0:0:0:1%0]:54164|MATTEO_] -> UpstreamBridge has disconnected
[15:42:02] [Netty Worker IO Thread #3/INFO]: [MATTEO_] disconnected with: Proxy lost connection to server.
[15:42:02] [Netty Worker IO Thread #3/INFO]: [/[0:0:0:0:0:0:0:1%0]:54164|MATTEO_] <-> DownstreamBridge <-> [lobby] has disconnected
[15:42:07] [Netty Worker IO Thread #1/INFO] [EaglercraftXBungee]: [/[0:0:0:0:0:0:0:1%0]:40594]: Connected via websocket
[15:42:07] [Netty Worker IO Thread #1/INFO] [EaglercraftXBungee]: [/[0:0:0:0:0:0:0:1%0]:40594]: Origin header is https://eaglercrack-archive.vercel.app
[15:42:07] [Netty Worker IO Thread #1/INFO] [EaglercraftXBungee]: [/[0:0:0:0:0:0:0:1%0]:40594]: Logged in as 'MATTEO_'
[15:42:07] [Netty Worker IO Thread #1/INFO]: [/[0:0:0:0:0:0:0:1%0]:40594|MATTEO_] -> UpstreamBridge has connected
[15:42:07] [Netty Worker IO Thread #1/INFO]: [MATTEO_|/[0:0:0:0:0:0:0:1%0]:40594] <-> ServerConnector [lobby] has connected
[15:42:08] [Netty Worker IO Thread #2/INFO] [EaglercraftXBungee]: [/[0:0:0:0:0:0:0:1%0]:45202]: Connected via websocket
[15:42:08] [Netty Worker IO Thread #2/INFO] [EaglercraftXBungee]: [/[0:0:0:0:0:0:0:1%0]:45202]: Origin header is https://localhost:8081
[15:42:08] [Netty Worker IO Thread #2/INFO] [EaglercraftXBungee]: [/[0:0:0:0:0:0:0:1%0]:45202]: Logged in as 'BRUH__'
[15:42:08] [Netty Worker IO Thread #2/INFO]: [/[0:0:0:0:0:0:0:1%0]:45202|BRUH__] -> UpstreamBridge has connected
[15:42:08] [Netty Worker IO Thread #2/INFO]: [BRUH__|/[0:0:0:0:0:0:0:1%0]:45202] <-> ServerConnector [lobby] has connected
[15:47:55] [Netty Worker IO Thread #1/INFO]: [/[0:0:0:0:0:0:0:1%0]:45538|SatillaABC123] -> UpstreamBridge has disconnected
[15:47:55] [Netty Worker IO Thread #1/INFO]: [SatillaABC123] disconnected with: Proxy lost connection to server.
[15:47:55] [Netty Worker IO Thread #1/INFO]: [/[0:0:0:0:0:0:0:1%0]:45538|SatillaABC123] <-> DownstreamBridge <-> [lobby] has disconnected
[15:47:58] [Netty Worker IO Thread #3/INFO] [EaglercraftXBungee]: [/[0:0:0:0:0:0:0:1%0]:50736]: Connected via websocket
[15:47:58] [Netty Worker IO Thread #3/INFO] [EaglercraftXBungee]: [/[0:0:0:0:0:0:0:1%0]:50736]: Origin header is http://localhost:8081
[15:47:58] [Netty Worker IO Thread #3/INFO] [EaglercraftXBungee]: [/[0:0:0:0:0:0:0:1%0]:50736]: Logged in as 'SatillaABC123'
[15:47:58] [Netty Worker IO Thread #3/INFO]: [/[0:0:0:0:0:0:0:1%0]:50736|SatillaABC123] -> UpstreamBridge has connected
[15:47:58] [Netty Worker IO Thread #3/INFO]: [SatillaABC123|/[0:0:0:0:0:0:0:1%0]:50736] <-> ServerConnector [lobby] has connected
[16:01:42] [Netty Worker IO Thread #1/INFO]: [MATTEO_] disconnected with: You are banned from this server.
[16:01:42] [Netty Worker IO Thread #1/INFO]: [/[0:0:0:0:0:0:0:1%0]:40594|MATTEO_] -> UpstreamBridge has disconnected
[16:01:42] [Netty Worker IO Thread #1/INFO]: [/[0:0:0:0:0:0:0:1%0]:40594|MATTEO_] <-> DownstreamBridge <-> [lobby] has disconnected
[16:02:06] [Netty Worker IO Thread #1/INFO] [EaglercraftXBungee]: [/[0:0:0:0:0:0:0:1%0]:34844]: Connected via websocket
[16:02:06] [Netty Worker IO Thread #1/INFO] [EaglercraftXBungee]: [/[0:0:0:0:0:0:0:1%0]:34844]: Origin header is https://eaglercrack-archive.vercel.app
[16:02:06] [Netty Worker IO Thread #1/INFO] [EaglercraftXBungee]: [/[0:0:0:0:0:0:0:1%0]:34844]: Logged in as 'MATTEO'
[16:02:06] [Netty Worker IO Thread #1/INFO]: [/[0:0:0:0:0:0:0:1%0]:34844|MATTEO] -> UpstreamBridge has connected
[16:02:06] [Netty Worker IO Thread #1/INFO]: [MATTEO|/[0:0:0:0:0:0:0:1%0]:34844] <-> ServerConnector [lobby] has connected
[16:02:08] [Netty Worker IO Thread #1/INFO]: [MATTEO] disconnected with: You are banned from this server.
[16:02:08] [Netty Worker IO Thread #1/INFO]: [/[0:0:0:0:0:0:0:1%0]:34844|MATTEO] -> UpstreamBridge has disconnected
[16:02:08] [Netty Worker IO Thread #1/INFO]: [/[0:0:0:0:0:0:0:1%0]:34844|MATTEO] <-> DownstreamBridge <-> [lobby] has disconnected
